2020-02-23 21:59:32.159  INFO 7181 --- [main] c.s.t.TokencounterApplication            : Starting TokencounterApplication on TheCat-2.local with PID 7181 (/Users/scott/dev/tokencounter/target/classes started by scott in /Users/scott/dev/tokencounter)
2020-02-23 21:59:32.162  INFO 7181 --- [main] c.s.t.TokencounterApplication            : No active profile set, falling back to default profiles: default
2020-02-23 21:59:33.077  INFO 7181 --- [main] trationDelegate$BeanPostProcessorChecker : Bean 'org.springframework.transaction.annotation.ProxyTransactionManagementConfiguration' of type [org.springframework.transaction.annotation.ProxyTransactionManagementConfiguration] is not eligible for getting processed by all BeanPostProcessors (for example: not eligible for auto-proxying)
2020-02-23 21:59:33.244  INFO 7181 --- [main] o.s.b.w.embedded.tomcat.TomcatWebServer  : Tomcat initialized with port(s): 8080 (http)
2020-02-23 21:59:33.251  INFO 7181 --- [main] o.apache.catalina.core.StandardService   : Starting service [Tomcat]
2020-02-23 21:59:33.252  INFO 7181 --- [main] org.apache.catalina.core.StandardEngine  : Starting Servlet engine: [Apache Tomcat/9.0.30]
2020-02-23 21:59:33.355  INFO 7181 --- [main] o.a.c.c.C.[Tomcat].[localhost].[/]       : Initializing Spring embedded WebApplicationContext
2020-02-23 21:59:33.355  INFO 7181 --- [main] o.s.web.context.ContextLoader            : Root WebApplicationContext: initialization completed in 1148 ms
2020-02-23 21:59:33.454  INFO 7181 --- [main] com.zaxxer.hikari.HikariDataSource       : HikariPool-1 - Starting...
2020-02-23 21:59:33.539  INFO 7181 --- [main] com.zaxxer.hikari.HikariDataSource       : HikariPool-1 - Start completed.
2020-02-23 21:59:33.581  INFO 7181 --- [main] o.s.b.a.h2.H2ConsoleAutoConfiguration    : H2 console available at '/h2-console'. Database available at 'jdbc:h2:mem:testdb'
2020-02-23 21:59:33.842  INFO 7181 --- [main] o.s.s.concurrent.ThreadPoolTaskExecutor  : Initializing ExecutorService 'applicationTaskExecutor'
2020-02-23 21:59:34.131  INFO 7181 --- [main] o.s.b.a.e.web.EndpointLinksResolver      : Exposing 2 endpoint(s) beneath base path '/actuator'
2020-02-23 21:59:34.198  INFO 7181 --- [main] o.s.b.w.embedded.tomcat.TomcatWebServer  : Tomcat started on port(s): 8080 (http) with context path ''
2020-02-23 21:59:34.203  INFO 7181 --- [main] c.s.t.TokencounterApplication            : Started TokencounterApplication in 2.38 seconds (JVM running for 3.2)
2020-02-23 21:59:34.488  INFO 7181 --- [RMI TCP Connection(1)-127.0.0.1] o.a.c.c.C.[Tomcat].[localhost].[/]       : Initializing Spring DispatcherServlet 'dispatcherServlet'
2020-02-23 21:59:34.489  INFO 7181 --- [RMI TCP Connection(1)-127.0.0.1] o.s.web.servlet.DispatcherServlet        : Initializing Servlet 'dispatcherServlet'
2020-02-23 21:59:34.496  INFO 7181 --- [RMI TCP Connection(1)-127.0.0.1] o.s.web.servlet.DispatcherServlet        : Completed initialization in 7 ms
2020-02-23 22:01:02.448  INFO 7181 --- [SpringContextShutdownHook] o.s.s.concurrent.ThreadPoolTaskExecutor  : Shutting down ExecutorService 'applicationTaskExecutor'
2020-02-23 22:01:02.449  INFO 7181 --- [SpringContextShutdownHook] com.zaxxer.hikari.HikariDataSource       : HikariPool-1 - Shutdown initiated...
2020-02-23 22:01:02.452  INFO 7181 --- [SpringContextShutdownHook] com.zaxxer.hikari.HikariDataSource       : HikariPool-1 - Shutdown completed.
